<?xml version="1.0" encoding="UTF-8"?>
<!-- Generated by org.testng.reporters.JUnitReportReporter -->
<testsuite hostname="BANLWR9123HMJ" failures="0" tests="1" name="com.qa.makemytriptest.MakeMyTripTest" time="51.601" errors="0" timestamp="2023-09-02T21:51:10 IST" skipped="0">
  <testcase classname="com.qa.makemytriptest.MakeMyTripTest" name="testMakeMyTripFlightSearch" time="51.601"/>
  <system-out/>
</testsuite> <!-- com.qa.makemytriptest.MakeMyTripTest -->
